<?xml version="1.0" encoding="UTF-8"?>
<!-- Generated by org.testng.reporters.JUnitReportReporter -->
<testsuite hostname="DESKTOP-33D7QM7" name="com.HRM.PagesTestCases.MyInfoPageTest" tests="3" failures="0" timestamp="14 Jan 2021 23:49:55 GMT" time="24.983" errors="0">
  <testcase name="editPersonalDetails" time="9.343" classname="com.HRM.PagesTestCases.MyInfoPageTest"/>
  <testcase name="clickOnJobTab" time="7.700" classname="com.HRM.PagesTestCases.MyInfoPageTest"/>
  <testcase name="verifyPersonalDetailsLabel" time="7.940" classname="com.HRM.PagesTestCases.MyInfoPageTest"/>
</testsuite> <!-- com.HRM.PagesTestCases.MyInfoPageTest -->
