<?xml version="1.0" encoding="UTF-8"?>
<!-- Generated by org.testng.reporters.JUnitReportReporter -->
<testsuite hostname="DESKTOP-33D7QM7" name="com.HRM.PagesTestCases.LoginPageTest" tests="3" failures="0" timestamp="14 Jan 2021 23:49:55 GMT" time="19.144" errors="0">
  <testcase name="loginPageTitleTest" time="5.349" classname="com.HRM.PagesTestCases.LoginPageTest"/>
  <testcase name="loginTest" time="8.332" classname="com.HRM.PagesTestCases.LoginPageTest"/>
  <testcase name="hrmLogoTest" time="5.463" classname="com.HRM.PagesTestCases.LoginPageTest"/>
</testsuite> <!-- com.HRM.PagesTestCases.LoginPageTest -->
