<?xml version="1.0" encoding="UTF-8"?>
<!-- Generated by org.testng.reporters.JUnitReportReporter -->
<testsuite hostname="DESKTOP-33D7QM7" name="com.HRM.PagesTestCases.HomePageTest" tests="3" failures="0" timestamp="14 Jan 2021 23:49:55 GMT" time="22.382" errors="0">
  <testcase name="verifyUserName" time="6.931" classname="com.HRM.PagesTestCases.HomePageTest"/>
  <testcase name="verifyHomePageTitle" time="7.030" classname="com.HRM.PagesTestCases.HomePageTest"/>
  <testcase name="verifyMyInfoLink" time="8.421" classname="com.HRM.PagesTestCases.HomePageTest"/>
</testsuite> <!-- com.HRM.PagesTestCases.HomePageTest -->
