<?xml version="1.0" encoding="UTF-8"?>
<!-- Generated by org.testng.reporters.JUnitReportReporter -->
<testsuite hostname="DESKTOP-33D7QM7" name="com.HRM.PagesTestCases.HomePageTest" tests="3" failures="0" timestamp="19 Jan 2021 20:36:53 GMT" time="23.847" errors="0">
  <testcase name="verifyHomePageTitle" time="6.325" classname="com.HRM.PagesTestCases.HomePageTest"/>
  <testcase name="verifyUserName" time="6.567" classname="com.HRM.PagesTestCases.HomePageTest"/>
  <testcase name="verifyMyInfoLink" time="10.955" classname="com.HRM.PagesTestCases.HomePageTest"/>
</testsuite> <!-- com.HRM.PagesTestCases.HomePageTest -->
