<?xml version="1.0" encoding="UTF-8"?>
<!-- Generated by org.testng.reporters.JUnitReportReporter -->
<testsuite hostname="DESKTOP-33D7QM7" name="com.HRM.PagesTestCases.MyInfoPageTest" tests="3" failures="0" timestamp="19 Jan 2021 20:36:53 GMT" time="28.264" errors="0">
  <testcase name="editPersonalDetails" time="9.241" classname="com.HRM.PagesTestCases.MyInfoPageTest"/>
  <testcase name="verifyPersonalDetailsLabel" time="11.145" classname="com.HRM.PagesTestCases.MyInfoPageTest"/>
  <testcase name="clickOnJobTab" time="7.878" classname="com.HRM.PagesTestCases.MyInfoPageTest"/>
</testsuite> <!-- com.HRM.PagesTestCases.MyInfoPageTest -->
