<?xml version="1.0" encoding="UTF-8"?>
<!-- Generated by org.testng.reporters.JUnitReportReporter -->
<testsuite hostname="DESKTOP-33D7QM7" name="com.HRM.PagesTestCases.LoginPageTest" tests="3" failures="0" timestamp="19 Jan 2021 20:36:53 GMT" time="16.608" errors="0">
  <testcase name="hrmLogoTest" time="5.179" classname="com.HRM.PagesTestCases.LoginPageTest"/>
  <testcase name="loginTest" time="6.288" classname="com.HRM.PagesTestCases.LoginPageTest"/>
  <testcase name="loginPageTitleTest" time="5.141" classname="com.HRM.PagesTestCases.LoginPageTest"/>
</testsuite> <!-- com.HRM.PagesTestCases.LoginPageTest -->
